time="2020-01-04T15:28:13+02:00" level=info msg="Log level has been set to Trace"
time="2020-01-04T15:28:13+02:00" level=trace msg="Log file has been opened"
time="2020-01-04T15:28:13+02:00" level=trace msg="Setting up flatteners config..."
time="2020-01-04T15:28:13+02:00" level=trace msg="Setting up flatteners config finished"
time="2020-01-04T15:28:13+02:00" level=trace msg="Setting up producer..."
time="2020-01-04T15:28:13+02:00" level=trace msg="\tCreating sync producer..."
time="2020-01-04T15:28:13+02:00" level=trace msg="\tSync producer has been created"
time="2020-01-04T15:28:13+02:00" level=trace msg="Producer has been started"
time="2020-01-04T15:28:13+02:00" level=trace msg="Setting up Consumer..."
time="2020-01-04T15:28:13+02:00" level=trace msg="Consumer has been started"
time="2020-01-04T15:28:13+02:00" level=trace msg="Waiting for messages..."
time="2020-01-04T15:28:13+02:00" level=info msg="Rebalanced: &{Type:rebalance start Claimed:map[] Released:map[] Current:map[]}\n"
time="2020-01-04T15:28:14+02:00" level=info msg="Rebalanced: &{Type:rebalance OK Claimed:map[test1:[0]] Released:map[] Current:map[test1:[0]]}\n"
time="2020-01-04T15:26:12+02:00" level=trace msg="New incoming message"
time="2020-01-04T15:26:12+02:00" level=info msg="test1/0/7\t\n"
time="2020-01-04T15:26:12+02:00" level=trace msg="Decoding incoming message..."
time="2020-01-04T15:26:12+02:00" level=trace msg="Incoming message has beed decoded properly: {test1 test2 something {[{c: 3 {342734824 34273482423}} {d: 3 {942734824 904273482423}}] 2017-08-07T08:38:43.3059476F}}\n"
time="2020-01-04T15:26:12+02:00" level=trace msg="Formatting incoming message to destination message..."
time="2020-01-04T15:26:12+02:00" level=trace msg="Formatting incoming message to destination message finished: {test1 test2 something {[{c: 3 {342734824 34273482423}} {d: 3 {942734824 904273482423}}] 2017-08-07T08:38:43.3059476F}}\n"
time="2020-01-04T15:26:12+02:00" level=trace msg="Formatting destination message before sending to the kafka broker..."
time="2020-01-04T15:26:12+02:00" level=trace msg="Formatting destination message finished"
time="2020-01-04T15:26:12+02:00" level=trace msg="Sending messages to the kafka"
time="2020-01-04T15:26:12+02:00" level=trace msg="\tSending message..."
time="2020-01-04T15:26:12+02:00" level=info msg="\tMessage is stored in topic(test2)/partition(0)/offset(4)\n\n"
time="2020-01-04T15:26:12+02:00" level=trace msg="\tSending message..."
time="2020-01-04T15:26:12+02:00" level=info msg="\tMessage is stored in topic(test3)/partition(0)/offset(4)\n\n"
time="2020-01-04T15:26:12+02:00" level=trace msg="Sending has been finished"
time="2020-01-04T15:26:20+02:00" level=trace msg="New incoming message"
time="2020-01-04T15:26:20+02:00" level=info msg="test1/0/8\t\n"
time="2020-01-04T15:26:20+02:00" level=trace msg="Decoding incoming message..."
time="2020-01-04T15:26:20+02:00" level=trace msg="Incoming message has beed decoded properly: {test1 test2 something {[{c: 3 {342734824 34273482423}} {d: 3 {942734824 904273482423}}] 2017-08-07T08:38:43.3059476F}}\n"
time="2020-01-04T15:26:20+02:00" level=trace msg="Formatting incoming message to destination message..."
time="2020-01-04T15:26:20+02:00" level=trace msg="Formatting incoming message to destination message finished: {test1 test2 something {[{c: 3 {342734824 34273482423}} {d: 3 {942734824 904273482423}}] 2017-08-07T08:38:43.3059476F}}\n"
time="2020-01-04T15:26:20+02:00" level=trace msg="Formatting destination message before sending to the kafka broker..."
time="2020-01-04T15:26:20+02:00" level=trace msg="Formatting destination message finished"
time="2020-01-04T15:26:20+02:00" level=trace msg="Sending messages to the kafka"
time="2020-01-04T15:26:20+02:00" level=trace msg="\tSending message..."
time="2020-01-04T15:26:20+02:00" level=info msg="\tMessage is stored in topic(test2)/partition(0)/offset(5)\n\n"
time="2020-01-04T15:26:20+02:00" level=trace msg="\tSending message..."
time="2020-01-04T15:26:20+02:00" level=info msg="\tMessage is stored in topic(test3)/partition(0)/offset(5)\n\n"
time="2020-01-04T15:26:20+02:00" level=trace msg="Sending has been finished"
l=info msg="\tMessage is stored in topic(test3)/partition(0)/offset(2)\n\n"
time="2020-01-04T14:58:52+02:00" level=trace msg="Sending has been finished"
time="2020-01-04T14:58:59+02:00" level=trace msg="New incoming message"
time="2020-01-04T14:58:59+02:00" level=info msg="test1/0/6\t\n"
time="2020-01-04T14:58:59+02:00" level=trace msg="Decoding incoming message..."
time="2020-01-04T14:58:59+02:00" level=trace msg="Incoming message has beed decoded properly: {test1 test2 something {[{c: 3 {342734824 34273482423}} {d: 3 {942734824 904273482423}}] 2017-08-07T08:38:43.3059476F}}\n"
time="2020-01-04T14:58:59+02:00" level=trace msg="Formatting incoming message to destination message..."
time="2020-01-04T14:58:59+02:00" level=trace msg="Formatting incoming message to destination message finished: {test1 test2 something {[{c: 3 {342734824 34273482423}} {d: 3 {942734824 904273482423}}] 2017-08-07T08:38:43.3059476F}}\n"
time="2020-01-04T14:58:59+02:00" level=trace msg="Formatting destination message before sending to the kafka broker..."
time="2020-01-04T14:58:59+02:00" level=trace msg="Formatting destination message finished"
time="2020-01-04T14:58:59+02:00" level=trace msg="Sending messages to the kafka"
time="2020-01-04T14:58:59+02:00" level=trace msg="\tSending message..."
time="2020-01-04T14:58:59+02:00" level=info msg="\tMessage is stored in topic(test2)/partition(0)/offset(3)\n\n"
time="2020-01-04T14:58:59+02:00" level=trace msg="\tSending message..."
time="2020-01-04T14:58:59+02:00" level=info msg="\tMessage is stored in topic(test3)/partition(0)/offset(3)\n\n"
time="2020-01-04T14:58:59+02:00" level=trace msg="Sending has been finished"
